*** Starting uWSGI 2.0.17.1 (64bit) on [Thu Aug  9 21:22:13 2018] ***
compiled with version: 5.4.0 20160609 on 06 August 2018 03:39:43
os: Linux-4.4.0-91-generic #114-Ubuntu SMP Tue Aug 8 11:56:56 UTC 2017
nodename: VM-0-13-ubuntu
machine: x86_64
clock source: unix
detected number of CPU cores: 1
current working directory: /home/ubuntu/Weixin_fucaijin_django
detected binary path: /home/ubuntu/.local/bin/uwsgi
!!! no internal routing support, rebuild with pcre support !!!
chdir() to /home/ubuntu/Weixin_fucaijin_django/Weixin_fucaijin_django
*** WARNING: you are running uWSGI without its master process manager ***
your processes number limit is 3306
your memory page size is 4096 bytes
detected max file descriptor number: 1024
lock engine: pthread robust mutexes
thunder lock: disabled (you can enable it with --thunder-lock)
uwsgi socket 0 bound to TCP address :8000 fd 3
Python version: 3.5.2 (default, Nov 23 2017, 16:37:01)  [GCC 5.4.0 20160609]
*** Python threads support is disabled. You can enable it with --enable-threads ***
Python main interpreter initialized at 0xee4d20
your server socket listen backlog is limited to 100 connections
your mercy for graceful operations on workers is 60 seconds
mapped 291616 bytes (284 KB) for 4 cores
*** Operational MODE: preforking ***
ImportError: No module named 'Weixin_fucaijin_django'
unable to load app 0 (mountpoint='') (callable not found or import error)
*** no app loaded. going in full dynamic mode ***
*** uWSGI is running in multiple interpreter mode ***
spawned uWSGI worker 1 (pid: 12560, cores: 1)
spawned uWSGI worker 2 (pid: 12561, cores: 1)
spawned uWSGI worker 3 (pid: 12562, cores: 1)
spawned uWSGI worker 4 (pid: 12563, cores: 1)
*** Starting uWSGI 2.0.17.1 (64bit) on [Thu Aug  9 21:23:47 2018] ***
compiled with version: 5.4.0 20160609 on 06 August 2018 03:39:43
os: Linux-4.4.0-91-generic #114-Ubuntu SMP Tue Aug 8 11:56:56 UTC 2017
nodename: VM-0-13-ubuntu
machine: x86_64
clock source: unix
detected number of CPU cores: 1
current working directory: /home/ubuntu/Weixin_fucaijin_django
detected binary path: /home/ubuntu/.local/bin/uwsgi
!!! no internal routing support, rebuild with pcre support !!!
chdir() to /home/ubuntu/Weixin_fucaijin_django/Weixin_fucaijin_django
*** WARNING: you are running uWSGI without its master process manager ***
your processes number limit is 3306
your memory page size is 4096 bytes
detected max file descriptor number: 1024
lock engine: pthread robust mutexes
thunder lock: disabled (you can enable it with --thunder-lock)
uwsgi socket 0 bound to TCP address :8000 fd 3
Python version: 3.5.2 (default, Nov 23 2017, 16:37:01)  [GCC 5.4.0 20160609]
*** Python threads support is disabled. You can enable it with --enable-threads ***
Python main interpreter initialized at 0xc18d20
your server socket listen backlog is limited to 100 connections
your mercy for graceful operations on workers is 60 seconds
mapped 291616 bytes (284 KB) for 4 cores
*** Operational MODE: preforking ***
ImportError: No module named 'Weixin_fucaijin_django'
unable to load app 0 (mountpoint='') (callable not found or import error)
*** no app loaded. going in full dynamic mode ***
*** uWSGI is running in multiple interpreter mode ***
spawned uWSGI worker 1 (pid: 12649, cores: 1)
spawned uWSGI worker 2 (pid: 12650, cores: 1)
spawned uWSGI worker 3 (pid: 12651, cores: 1)
spawned uWSGI worker 4 (pid: 12652, cores: 1)
*** Starting uWSGI 2.0.17.1 (64bit) on [Thu Aug  9 22:29:17 2018] ***
compiled with version: 5.4.0 20160609 on 06 August 2018 08:48:37
os: Linux-4.4.0-91-generic #114-Ubuntu SMP Tue Aug 8 11:56:56 UTC 2017
nodename: VM-0-13-ubuntu
machine: x86_64
clock source: unix
detected number of CPU cores: 1
current working directory: /home/ubuntu
detected binary path: /usr/local/bin/uwsgi
!!! no internal routing support, rebuild with pcre support !!!
uWSGI running as root, you can use --uid/--gid/--chroot options
*** WARNING: you are running uWSGI as root !!! (use the --uid flag) *** 
chdir() to /home/ubuntu/Weixin_fucaijin_django/
your processes number limit is 3306
your memory page size is 4096 bytes
detected max file descriptor number: 1024
lock engine: pthread robust mutexes
thunder lock: disabled (you can enable it with --thunder-lock)
uwsgi socket 0 bound to TCP address 127.0.0.1:8000 fd 3
uWSGI running as root, you can use --uid/--gid/--chroot options
*** WARNING: you are running uWSGI as root !!! (use the --uid flag) *** 
Python version: 3.5.2 (default, Nov 23 2017, 16:37:01)  [GCC 5.4.0 20160609]
Python main interpreter initialized at 0x1455f20
uWSGI running as root, you can use --uid/--gid/--chroot options
*** WARNING: you are running uWSGI as root !!! (use the --uid flag) *** 
python threads support enabled
your server socket listen backlog is limited to 100 connections
your mercy for graceful operations on workers is 60 seconds
mapped 250032 bytes (244 KB) for 4 cores
*** Operational MODE: preforking+threaded ***
WSGI app 0 (mountpoint='') ready in 0 seconds on interpreter 0x1455f20 pid: 15725 (default app)
uWSGI running as root, you can use --uid/--gid/--chroot options
*** WARNING: you are running uWSGI as root !!! (use the --uid flag) *** 
*** uWSGI is running in multiple interpreter mode ***
spawned uWSGI master process (pid: 15725)
spawned uWSGI worker 1 (pid: 15727, cores: 2)
spawned uWSGI worker 2 (pid: 15728, cores: 2)
[pid: 15727|app: 0|req: 1/1] 111.29.241.105 () {40 vars in 672 bytes} [Thu Aug  9 14:34:51 2018] GET / => generated 74 bytes in 20 msecs (HTTP/1.1 404) 3 headers in 100 bytes (1 switches on core 0)
[pid: 15727|app: 0|req: 2/2] 111.29.241.105 () {40 vars in 684 bytes} [Thu Aug  9 14:34:56 2018] GET /index/ => generated 288 bytes in 3 msecs (HTTP/1.1 200) 3 headers in 109 bytes (1 switches on core 1)
[pid: 15728|app: 0|req: 1/3] 111.29.241.105 () {42 vars in 715 bytes} [Thu Aug  9 14:35:09 2018] GET /index/ => generated 288 bytes in 25 msecs (HTTP/1.1 200) 3 headers in 109 bytes (1 switches on core 0)
[pid: 15728|app: 0|req: 2/4] 111.29.241.105 () {42 vars in 715 bytes} [Thu Aug  9 14:35:18 2018] GET /index/ => generated 288 bytes in 1 msecs (HTTP/1.1 200) 3 headers in 109 bytes (1 switches on core 1)
[pid: 15727|app: 0|req: 3/5] 183.3.255.28 () {40 vars in 715 bytes} [Thu Aug  9 14:35:44 2018] GET /index => generated 0 bytes in 0 msecs (HTTP/1.1 301) 3 headers in 112 bytes (1 switches on core 0)
[pid: 15727|app: 0|req: 4/6] 183.3.255.28 () {40 vars in 717 bytes} [Thu Aug  9 14:35:44 2018] GET /index/ => generated 288 bytes in 0 msecs (HTTP/1.1 200) 3 headers in 109 bytes (1 switches on core 0)
[pid: 15728|app: 0|req: 3/7] 123.151.77.81 () {40 vars in 716 bytes} [Thu Aug  9 14:36:12 2018] GET /index/ => generated 288 bytes in 0 msecs (HTTP/1.1 200) 3 headers in 109 bytes (1 switches on core 1)
[pid: 15727|app: 0|req: 5/8] 111.29.241.105 () {40 vars in 672 bytes} [Thu Aug  9 14:36:31 2018] GET / => generated 74 bytes in 1 msecs (HTTP/1.1 404) 3 headers in 100 bytes (1 switches on core 0)
[pid: 15727|app: 0|req: 6/9] 123.151.77.81 () {40 vars in 716 bytes} [Thu Aug  9 14:39:29 2018] GET /index/ => generated 288 bytes in 0 msecs (HTTP/1.1 200) 3 headers in 109 bytes (1 switches on core 1)
[pid: 15728|app: 0|req: 4/10] 123.151.77.81 () {42 vars in 884 bytes} [Thu Aug  9 14:39:46 2018] GET /index/ => generated 288 bytes in 0 msecs (HTTP/1.1 200) 3 headers in 109 bytes (1 switches on core 1)
[pid: 15727|app: 0|req: 7/11] 123.151.77.81 () {42 vars in 884 bytes} [Thu Aug  9 14:43:00 2018] GET /index/ => generated 288 bytes in 1 msecs (HTTP/1.1 200) 3 headers in 109 bytes (1 switches on core 1)
[pid: 15727|app: 0|req: 8/12] 123.151.77.91 () {42 vars in 889 bytes} [Thu Aug  9 14:45:31 2018] GET /index => generated 0 bytes in 0 msecs (HTTP/1.1 301) 3 headers in 112 bytes (1 switches on core 1)
[pid: 15728|app: 0|req: 5/13] 123.151.77.91 () {42 vars in 891 bytes} [Thu Aug  9 14:45:31 2018] GET /index/ => generated 288 bytes in 1 msecs (HTTP/1.1 200) 3 headers in 109 bytes (1 switches on core 1)
[pid: 15728|app: 0|req: 6/14] 111.161.54.117 () {42 vars in 718 bytes} [Thu Aug  9 14:45:31 2018] GET / => generated 74 bytes in 1 msecs (HTTP/1.1 404) 3 headers in 100 bytes (1 switches on core 0)
[pid: 15727|app: 0|req: 9/15] 111.30.142.78 () {42 vars in 717 bytes} [Thu Aug  9 14:45:31 2018] GET / => generated 74 bytes in 1 msecs (HTTP/1.1 404) 3 headers in 100 bytes (1 switches on core 1)
[pid: 15727|app: 0|req: 10/16] 123.151.77.91 () {42 vars in 891 bytes} [Thu Aug  9 14:45:42 2018] GET /index/ => generated 288 bytes in 1 msecs (HTTP/1.1 200) 3 headers in 109 bytes (1 switches on core 0)
[pid: 15727|app: 0|req: 11/17] 111.30.142.227 () {42 vars in 718 bytes} [Thu Aug  9 14:45:42 2018] GET / => generated 74 bytes in 3 msecs (HTTP/1.1 404) 3 headers in 100 bytes (1 switches on core 0)
[pid: 15727|app: 0|req: 12/18] 123.151.77.81 () {42 vars in 884 bytes} [Thu Aug  9 14:49:11 2018] GET /index/ => generated 288 bytes in 0 msecs (HTTP/1.1 200) 3 headers in 109 bytes (1 switches on core 1)
